=== bench_suite START Sat Jun 20 20:04:44 UTC 2026 ===
### TC attention (cuBLAS fp16) flatness ###
-- ctx=2048 --
== TC attention (cuBLAS fp16 TC) flatness probe ==  NVIDIA H100 80GB HBM3 SMs=132  ctx=2048 H=64 d=128

  M    GEMM1+2 us   us/query   ratio_vs_M1
  ------------------------------------------------
  1         32.54      32.54   1.000
  4         40.68      10.17   1.250  <- FLATTER than warp-shuffle(4x)
  8         32.02       4.00   0.984  <- FLATTER than warp-shuffle(4x)
  16        32.47       2.03   0.998  <- FLATTER than warp-shuffle(4x)

  ratio(M=8) << 4.0 (warp-shuffle K2) => TC flash-decode verify is worth building.
-- ctx=4096 --
== TC attention (cuBLAS fp16 TC) flatness probe ==  NVIDIA H100 80GB HBM3 SMs=132  ctx=4096 H=64 d=128

  M    GEMM1+2 us   us/query   ratio_vs_M1
  ------------------------------------------------
  1         55.16      55.16   1.000
  4         70.87      17.72   1.285  <- FLATTER than warp-shuffle(4x)
  8         56.73       7.09   1.028  <- FLATTER than warp-shuffle(4x)
  16        58.34       3.65   1.058  <- FLATTER than warp-shuffle(4x)

  ratio(M=8) << 4.0 (warp-shuffle K2) => TC flash-decode verify is worth building.
-- ctx=8192 --
== TC attention (cuBLAS fp16 TC) flatness probe ==  NVIDIA H100 80GB HBM3 SMs=132  ctx=8192 H=64 d=128

  M    GEMM1+2 us   us/query   ratio_vs_M1
  ------------------------------------------------
  1         98.82      98.82   1.000
  4        128.86      32.21   1.304  <- FLATTER than warp-shuffle(4x)
  8        106.41      13.30   1.077  <- FLATTER than warp-shuffle(4x)
  16       109.57       6.85   1.109  <- FLATTER than warp-shuffle(4x)

  ratio(M=8) << 4.0 (warp-shuffle K2) => TC flash-decode verify is worth building.
### k2b warp-shuffle flatness ###
-- ctx=4096 --
== K2 BATCHED multi-query flash-decode ==  device NVIDIA H100 80GB HBM3  SMs=132  ctx_len=4096
   N_Q_HEADS=64 KV_HEADS=4 HEAD_DIM=128 GQA=16  (q [M][heads][hd], KV shared across M)

correctness vs CPU fp32 (M=1, 3 heads): max_abs_err = 1.472e-08  -> PASS (tol 1e-2)

  M    n_splits   warps_in_flight     us/K2-forward   us/query   ratio_vs_M1
  --------------------------------------------------------------------------------
  1    64         4096                     44.76      44.76   1.000
  4    16         4096                    101.54      25.39   2.269
  8    8          4096                    192.08      24.01   4.291
  16   4          4096                    370.35      23.15   8.274

  HEADLINE: if us(M=8)/us(M=1) ~ 1.0 the K2 k-scaling is gone (occupancy-fill worked) and the
  spec verify forward goes flat -> the 840-1000 path is unblocked.  Compare to the per-warp-loop
  tp8_k2_partial_mq which measured 1.5x at M=8.  (Next: wire the winner into decode_step_tp8.cu.)
-- ctx=8192 --
== K2 BATCHED multi-query flash-decode ==  device NVIDIA H100 80GB HBM3  SMs=132  ctx_len=8192
   N_Q_HEADS=64 KV_HEADS=4 HEAD_DIM=128 GQA=16  (q [M][heads][hd], KV shared across M)

correctness vs CPU fp32 (M=1, 3 heads): max_abs_err = 3.113e-09  -> PASS (tol 1e-2)

  M    n_splits   warps_in_flight     us/K2-forward   us/query   ratio_vs_M1
  --------------------------------------------------------------------------------
  1    64         4096                     66.98      66.98   1.000
  4    16         4096                    193.40      48.35   2.888
  8    8          4096                    373.57      46.70   5.577
  16   4          4096                    727.82      45.49   10.867

  HEADLINE: if us(M=8)/us(M=1) ~ 1.0 the K2 k-scaling is gone (occupancy-fill worked) and the
  spec verify forward goes flat -> the 840-1000 path is unblocked.  Compare to the per-warp-loop
  tp8_k2_partial_mq which measured 1.5x at M=8.  (Next: wire the winner into decode_step_tp8.cu.)
### k2b splits sweep M=8 ctx4096 ###
== splits sweep  ctx=4096  M=8  (N_Q_HEADS=64) ==
  n_splits  warps_in_flight  chunk_len   us/K2-fwd
  4         2048             1024          237.08
  8         4096             512           191.99
  16        8192             256           178.03
  32        16384            128           164.58
  48        24576            86            166.48
  64        32768            64            168.90
  96        49152            43            197.37
  128       65536            32            218.25
=== bench_suite DONE Sat Jun 20 20:04:52 UTC 2026 ===
